{"uuid":"57b7e05d-6087-4613-b3fd-1d89bae124a5","historyId":"eabf9792248466504453b8c1c858d61e","fullName":"src/test/java/com/dsAlgo/features/06_Graph.feature:52","labels":[{"name":"tag","value":"F"},{"name":"host","value":"DESKTOP-HGR09P9"},{"name":"thread","value":"14692@DESKTOP-HGR09P9.main(1)"},{"name":"feature","value":"dsAlgo:005 Graph feature and functionality test"},{"name":"story","value":"User validates error message for Graph Represenation link page in try editor page for invalid code"},{"name":"suite","value":"dsAlgo:005 Graph feature and functionality test"},{"name":"testClass","value":"User validates error message for Graph Represenation link page in try editor page for invalid code"},{"name":"framework","value":"cucumber4jvm"},{"name":"language","value":"java"},{"name":"gherkin_uri","value":"file:///C:/Users/akash/git/dsAlgoProject/dsAlgo/src/test/java/com/dsAlgo/features/06_Graph.feature"},{"name":"package","value":"src.test.java.com.dsAlgo.features.06_Graph_feature.dsAlgo:005 Graph feature and functionality test"}],"links":[],"name":"User validates error message for Graph Represenation link page in try editor page for invalid code","status":"broken","statusDetails":{"known":false,"muted":false,"flaky":false,"message":"no such window: target window already closed\nfrom unknown error: web view not found\n  (Session info: chrome=117.0.5938.92)\nBuild info: version: '4.11.0', revision: '040bc5406b'\nSystem info: os.name: 'Windows 10', os.arch: 'amd64', os.version: '10.0', java.version: '17.0.8'\nDriver info: org.openqa.selenium.chrome.ChromeDriver\nCommand: [745009bd60c2e5eeb89092bb03bb122c, get {url=https://dsportalapp.herokuapp.com}]\nCapabilities {acceptInsecureCerts: false, browserName: chrome, browserVersion: 117.0.5938.92, chrome: {chromedriverVersion: 116.0.5845.49 (11db1fa940e0..., userDataDir: C:\\Users\\akash\\AppData\\Loca...}, fedcm:accounts: true, goog:chromeOptions: {debuggerAddress: localhost:60327}, networkConnectionEnabled: false, pageLoadStrategy: normal, platformName: windows, proxy: Proxy(), se:cdp: ws://localhost:60327/devtoo..., se:cdpVersion: 117.0.5938.92, setWindowRect: true, strictFileInteractability: false, timeouts: {implicit: 0, pageLoad: 300000, script: 30000}, unhandledPromptBehavior: dismiss and notify, webauthn:extension:credBlob: true, webauthn:extension:largeBlob: true, webauthn:extension:minPinLength: true, webauthn:extension:prf: true, webauthn:virtualAuthenticators: true}\nSession ID: 745009bd60c2e5eeb89092bb03bb122c","trace":"org.openqa.selenium.NoSuchWindowException: no such window: target window already closed\nfrom unknown error: web view not found\n  (Session info: chrome=117.0.5938.92)\nBuild info: version: '4.11.0', revision: '040bc5406b'\nSystem info: os.name: 'Windows 10', os.arch: 'amd64', os.version: '10.0', java.version: '17.0.8'\nDriver info: org.openqa.selenium.chrome.ChromeDriver\nCommand: [745009bd60c2e5eeb89092bb03bb122c, get {url=https://dsportalapp.herokuapp.com}]\nCapabilities {acceptInsecureCerts: false, browserName: chrome, browserVersion: 117.0.5938.92, chrome: {chromedriverVersion: 116.0.5845.49 (11db1fa940e0..., userDataDir: C:\\Users\\akash\\AppData\\Loca...}, fedcm:accounts: true, goog:chromeOptions: {debuggerAddress: localhost:60327}, networkConnectionEnabled: false, pageLoadStrategy: normal, platformName: windows, proxy: Proxy(), se:cdp: ws://localhost:60327/devtoo..., se:cdpVersion: 117.0.5938.92, setWindowRect: true, strictFileInteractability: false, timeouts: {implicit: 0, pageLoad: 300000, script: 30000}, unhandledPromptBehavior: dismiss and notify, webauthn:extension:credBlob: true, webauthn:extension:largeBlob: true, webauthn:extension:minPinLength: true, webauthn:extension:prf: true, webauthn:virtualAuthenticators: true}\nSession ID: 745009bd60c2e5eeb89092bb03bb122c\r\n\tat jdk.internal.reflect.GeneratedConstructorAccessor40.newInstance(Unknown Source)\r\n\tat java.base/jdk.internal.reflect.DelegatingConstructorAccessorImpl.newInstance(DelegatingConstructorAccessorImpl.java:45)\r\n\tat java.base/java.lang.reflect.Constructor.newInstanceWithCaller(Constructor.java:499)\r\n\tat java.base/java.lang.reflect.Constructor.newInstance(Constructor.java:480)\r\n\tat org.openqa.selenium.remote.codec.w3c.W3CHttpResponseCodec.createException(W3CHttpResponseCodec.java:200)\r\n\tat org.openqa.selenium.remote.codec.w3c.W3CHttpResponseCodec.decode(W3CHttpResponseCodec.java:133)\r\n\tat org.openqa.selenium.remote.codec.w3c.W3CHttpResponseCodec.decode(W3CHttpResponseCodec.java:52)\r\n\tat org.openqa.selenium.remote.HttpCommandExecutor.execute(HttpCommandExecutor.java:191)\r\n\tat org.openqa.selenium.remote.service.DriverCommandExecutor.invokeExecute(DriverCommandExecutor.java:196)\r\n\tat org.openqa.selenium.remote.service.DriverCommandExecutor.execute(DriverCommandExecutor.java:171)\r\n\tat org.openqa.selenium.remote.RemoteWebDriver.execute(RemoteWebDriver.java:518)\r\n\tat org.openqa.selenium.remote.RemoteWebDriver.get(RemoteWebDriver.java:300)\r\n\tat com.dsAlgo.selenium.base.SeleniumBase.getUrl(SeleniumBase.java:70)\r\n\tat com.dsAlgo.Pages.DsPortalPage.loadUrl(DsPortalPage.java:22)\r\n\tat stepDefinition.DsPortalPageSteps.load_the_url(DsPortalPageSteps.java:21)\r\n\tat ✽.load the url(file:///C:/Users/akash/git/dsAlgoProject/dsAlgo/src/test/java/com/dsAlgo/features/06_Graph.feature:6)\r\n"},"stage":"finished","steps":[{"name":"Given  open the browser maximize and set the timeouts","status":"passed","statusDetails":{"known":false,"muted":false,"flaky":false},"stage":"finished","steps":[],"attachments":[],"parameters":[],"start":1695842501543,"stop":1695842501543},{"name":"And  load the url","status":"broken","statusDetails":{"known":false,"muted":false,"flaky":false,"message":"no such window: target window already closed\nfrom unknown error: web view not found\n  (Session info: chrome=117.0.5938.92)\nBuild info: version: '4.11.0', revision: '040bc5406b'\nSystem info: os.name: 'Windows 10', os.arch: 'amd64', os.version: '10.0', java.version: '17.0.8'\nDriver info: org.openqa.selenium.chrome.ChromeDriver\nCommand: [745009bd60c2e5eeb89092bb03bb122c, get {url=https://dsportalapp.herokuapp.com}]\nCapabilities {acceptInsecureCerts: false, browserName: chrome, browserVersion: 117.0.5938.92, chrome: {chromedriverVersion: 116.0.5845.49 (11db1fa940e0..., userDataDir: C:\\Users\\akash\\AppData\\Loca...}, fedcm:accounts: true, goog:chromeOptions: {debuggerAddress: localhost:60327}, networkConnectionEnabled: false, pageLoadStrategy: normal, platformName: windows, proxy: Proxy(), se:cdp: ws://localhost:60327/devtoo..., se:cdpVersion: 117.0.5938.92, setWindowRect: true, strictFileInteractability: false, timeouts: {implicit: 0, pageLoad: 300000, script: 30000}, unhandledPromptBehavior: dismiss and notify, webauthn:extension:credBlob: true, webauthn:extension:largeBlob: true, webauthn:extension:minPinLength: true, webauthn:extension:prf: true, webauthn:virtualAuthenticators: true}\nSession ID: 745009bd60c2e5eeb89092bb03bb122c","trace":"org.openqa.selenium.NoSuchWindowException: no such window: target window already closed\nfrom unknown error: web view not found\n  (Session info: chrome=117.0.5938.92)\nBuild info: version: '4.11.0', revision: '040bc5406b'\nSystem info: os.name: 'Windows 10', os.arch: 'amd64', os.version: '10.0', java.version: '17.0.8'\nDriver info: org.openqa.selenium.chrome.ChromeDriver\nCommand: [745009bd60c2e5eeb89092bb03bb122c, get {url=https://dsportalapp.herokuapp.com}]\nCapabilities {acceptInsecureCerts: false, browserName: chrome, browserVersion: 117.0.5938.92, chrome: {chromedriverVersion: 116.0.5845.49 (11db1fa940e0..., userDataDir: C:\\Users\\akash\\AppData\\Loca...}, fedcm:accounts: true, goog:chromeOptions: {debuggerAddress: localhost:60327}, networkConnectionEnabled: false, pageLoadStrategy: normal, platformName: windows, proxy: Proxy(), se:cdp: ws://localhost:60327/devtoo..., se:cdpVersion: 117.0.5938.92, setWindowRect: true, strictFileInteractability: false, timeouts: {implicit: 0, pageLoad: 300000, script: 30000}, unhandledPromptBehavior: dismiss and notify, webauthn:extension:credBlob: true, webauthn:extension:largeBlob: true, webauthn:extension:minPinLength: true, webauthn:extension:prf: true, webauthn:virtualAuthenticators: true}\nSession ID: 745009bd60c2e5eeb89092bb03bb122c\r\n\tat jdk.internal.reflect.GeneratedConstructorAccessor40.newInstance(Unknown Source)\r\n\tat java.base/jdk.internal.reflect.DelegatingConstructorAccessorImpl.newInstance(DelegatingConstructorAccessorImpl.java:45)\r\n\tat java.base/java.lang.reflect.Constructor.newInstanceWithCaller(Constructor.java:499)\r\n\tat java.base/java.lang.reflect.Constructor.newInstance(Constructor.java:480)\r\n\tat org.openqa.selenium.remote.codec.w3c.W3CHttpResponseCodec.createException(W3CHttpResponseCodec.java:200)\r\n\tat org.openqa.selenium.remote.codec.w3c.W3CHttpResponseCodec.decode(W3CHttpResponseCodec.java:133)\r\n\tat org.openqa.selenium.remote.codec.w3c.W3CHttpResponseCodec.decode(W3CHttpResponseCodec.java:52)\r\n\tat org.openqa.selenium.remote.HttpCommandExecutor.execute(HttpCommandExecutor.java:191)\r\n\tat org.openqa.selenium.remote.service.DriverCommandExecutor.invokeExecute(DriverCommandExecutor.java:196)\r\n\tat org.openqa.selenium.remote.service.DriverCommandExecutor.execute(DriverCommandExecutor.java:171)\r\n\tat org.openqa.selenium.remote.RemoteWebDriver.execute(RemoteWebDriver.java:518)\r\n\tat org.openqa.selenium.remote.RemoteWebDriver.get(RemoteWebDriver.java:300)\r\n\tat com.dsAlgo.selenium.base.SeleniumBase.getUrl(SeleniumBase.java:70)\r\n\tat com.dsAlgo.Pages.DsPortalPage.loadUrl(DsPortalPage.java:22)\r\n\tat stepDefinition.DsPortalPageSteps.load_the_url(DsPortalPageSteps.java:21)\r\n\tat ✽.load the url(file:///C:/Users/akash/git/dsAlgoProject/dsAlgo/src/test/java/com/dsAlgo/features/06_Graph.feature:6)\r\n"},"stage":"finished","steps":[],"attachments":[],"parameters":[],"start":1695842501543,"stop":1695842501556},{"name":"When  user click the \"Get Started\" button","status":"skipped","statusDetails":{"known":false,"muted":false,"flaky":false},"stage":"finished","steps":[],"attachments":[],"parameters":[],"start":1695842501564,"stop":1695842501564},{"name":"Then  user redirects to the home page and verify the page title","status":"skipped","statusDetails":{"known":false,"muted":false,"flaky":false},"stage":"finished","steps":[],"attachments":[],"parameters":[],"start":1695842501565,"stop":1695842501565},{"name":"Given  user click on the sign in link","status":"skipped","statusDetails":{"known":false,"muted":false,"flaky":false},"stage":"finished","steps":[],"attachments":[],"parameters":[],"start":1695842501565,"stop":1695842501565},{"name":"Given  enter the username","status":"skipped","statusDetails":{"known":false,"muted":false,"flaky":false},"stage":"finished","steps":[],"attachments":[{"name":"Data table","source":"a3c227e3-b2b6-41a8-8c1c-5e5739b3fbd1-attachment.csv","type":"text/tab-separated-values"}],"parameters":[],"start":1695842501565,"stop":1695842501567},{"name":"Then  enter the password","status":"skipped","statusDetails":{"known":false,"muted":false,"flaky":false},"stage":"finished","steps":[],"attachments":[{"name":"Data table","source":"33e39891-32ed-45f1-926f-7f0bf02d9eef-attachment.csv","type":"text/tab-separated-values"}],"parameters":[],"start":1695842501567,"stop":1695842501569},{"name":"And  click the login button","status":"skipped","statusDetails":{"known":false,"muted":false,"flaky":false},"stage":"finished","steps":[],"attachments":[],"parameters":[],"start":1695842501569,"stop":1695842501570},{"name":"Given  user is traversing to Graph Representation link Page","status":"skipped","statusDetails":{"known":false,"muted":false,"flaky":false},"stage":"finished","steps":[],"attachments":[],"parameters":[],"start":1695842501570,"stop":1695842501570},{"name":"But  user enter invalid code in tryEditor from sheet \"pythonCode\" and 1 clicking on Run button","status":"skipped","statusDetails":{"known":false,"muted":false,"flaky":false},"stage":"finished","steps":[],"attachments":[],"parameters":[],"start":1695842501570,"stop":1695842501570},{"name":"Then  The user should get the error message","status":"skipped","statusDetails":{"known":false,"muted":false,"flaky":false},"stage":"finished","steps":[],"attachments":[],"parameters":[],"start":1695842501570,"stop":1695842501570}],"attachments":[],"parameters":[{"name":"Sheetname","value":"pythonCode"},{"name":"RowNumber","value":"1"}],"start":1695842501542,"stop":1695842501570}