{"uuid":"ca48ec3e-b034-431a-aaa4-5a746cfb279c","historyId":"a7119d3a51e90cb522b4ede876e79df1","fullName":"src/test/java/com/dsAlgo/features/11_ArrayPage.feature:241","labels":[{"name":"tag","value":"array"},{"name":"host","value":"DESKTOP-HGR09P9"},{"name":"thread","value":"2868@DESKTOP-HGR09P9.main(1)"},{"name":"feature","value":"dsAlgo:011 Array feature and functionality test"},{"name":"story","value":"User validates Practice Questions 4 page using submit"},{"name":"suite","value":"dsAlgo:011 Array feature and functionality test"},{"name":"testClass","value":"User validates Practice Questions 4 page using submit"},{"name":"framework","value":"cucumber4jvm"},{"name":"language","value":"java"},{"name":"gherkin_uri","value":"file:///C:/Users/akash/git/dsAlgoProject/dsAlgo/src/test/java/com/dsAlgo/features/11_ArrayPage.feature"},{"name":"package","value":"src.test.java.com.dsAlgo.features.11_ArrayPage_feature.dsAlgo:011 Array feature and functionality test"}],"links":[],"name":"User validates Practice Questions 4 page using submit","status":"failed","statusDetails":{"known":false,"muted":false,"flaky":false,"message":"Result do not match expected [Submission Successful] but found [ No tests were collected]","trace":"java.lang.AssertionError: Result do not match expected [Submission Successful] but found [ No tests were collected]\r\n\tat org.testng.Assert.fail(Assert.java:110)\r\n\tat org.testng.Assert.failNotEquals(Assert.java:1413)\r\n\tat org.testng.Assert.assertEqualsImpl(Assert.java:149)\r\n\tat org.testng.Assert.assertEquals(Assert.java:131)\r\n\tat org.testng.Assert.assertEquals(Assert.java:655)\r\n\tat stepDefinition.ArrayPageSteps.user_validates_the_output_for_the_practice_question(ArrayPageSteps.java:99)\r\n\tat ✽.user validates the output for the practice question(file:///C:/Users/akash/git/dsAlgoProject/dsAlgo/src/test/java/com/dsAlgo/features/11_ArrayPage.feature:236)\r\n"},"stage":"finished","description":"  Before: User launch the dsAlgo application\n    Given open the browser maximize and set the timeouts\n    And load the url\n    When user click the \"Get Started\" button\n    Then user redirects to the home page and verify the page title","steps":[{"name":"Given  user is on practice questions Page","status":"passed","statusDetails":{"known":false,"muted":false,"flaky":false},"stage":"finished","steps":[],"attachments":[],"parameters":[],"start":1696000377466,"stop":1696000377733},{"name":"And  user validate the title","status":"passed","statusDetails":{"known":false,"muted":false,"flaky":false},"stage":"finished","steps":[],"attachments":[],"parameters":[],"start":1696000377733,"stop":1696000377746},{"name":"Then  user clicks on fourth practice question","status":"passed","statusDetails":{"known":false,"muted":false,"flaky":false},"stage":"finished","steps":[],"attachments":[],"parameters":[],"start":1696000377746,"stop":1696000377993},{"name":"And  user enters the code for practice question in tryEditor from sheet \"pythonCode\" and 9","status":"passed","statusDetails":{"known":false,"muted":false,"flaky":false},"stage":"finished","steps":[],"attachments":[],"parameters":[],"start":1696000377993,"stop":1696000379412},{"name":"When  click the submit button","status":"passed","statusDetails":{"known":false,"muted":false,"flaky":false},"stage":"finished","steps":[],"attachments":[],"parameters":[],"start":1696000379412,"stop":1696000379524},{"name":"Then  user validates the output for the practice question","status":"failed","statusDetails":{"known":false,"muted":false,"flaky":false,"message":"Result do not match expected [Submission Successful] but found [ No tests were collected]","trace":"java.lang.AssertionError: Result do not match expected [Submission Successful] but found [ No tests were collected]\r\n\tat org.testng.Assert.fail(Assert.java:110)\r\n\tat org.testng.Assert.failNotEquals(Assert.java:1413)\r\n\tat org.testng.Assert.assertEqualsImpl(Assert.java:149)\r\n\tat org.testng.Assert.assertEquals(Assert.java:131)\r\n\tat org.testng.Assert.assertEquals(Assert.java:655)\r\n\tat stepDefinition.ArrayPageSteps.user_validates_the_output_for_the_practice_question(ArrayPageSteps.java:99)\r\n\tat ✽.user validates the output for the practice question(file:///C:/Users/akash/git/dsAlgoProject/dsAlgo/src/test/java/com/dsAlgo/features/11_ArrayPage.feature:236)\r\n"},"stage":"finished","steps":[],"attachments":[],"parameters":[],"start":1696000379524,"stop":1696000380129},{"name":"And  The user navigates back","status":"skipped","statusDetails":{"known":false,"muted":false,"flaky":false},"stage":"finished","steps":[],"attachments":[],"parameters":[],"start":1696000380253,"stop":1696000380254}],"attachments":[],"parameters":[{"name":"Sheetname","value":"pythonCode"},{"name":"RowNumber","value":"9"}],"start":1696000377466,"stop":1696000380254}